\BOOKMARK [0][-]{chapter*.1}{\376\377\144\130\211\201}{}% 1
\BOOKMARK [0][-]{chapter*.2}{ABSTRACT}{}% 2
\BOOKMARK [0][-]{toc.0}{\376\377\166\356\137\125}{}% 3
\BOOKMARK [0][-]{chapter.1}{\376\377\121\110\213\364\221\315\211\201\166\204}{}% 4
\BOOKMARK [1][-]{section.1.1}{\376\377\121\167\117\123\117\177\165\050\153\145\232\244}{chapter.1}% 5
\BOOKMARK [1][-]{section.1.2}{\376\377\177\026\213\321\166\204\145\271\154\325}{chapter.1}% 6
\BOOKMARK [1][-]{section.1.3}{\376\377\145\207\150\143\174\173\127\213\220\011\142\351}{chapter.1}% 7
\BOOKMARK [1][-]{section.1.4}{\376\377\142\123\123\160\166\204\225\356\230\230}{chapter.1}% 8
\BOOKMARK [0][-]{chapter.2}{\376\377\147\102\116\003\147\102\121\153\166\204\213\335}{}% 9
\BOOKMARK [1][-]{section.2.1}{Readme}{chapter.2}% 10
\BOOKMARK [1][-]{section.2.2}{\376\377\146\364\145\260\213\260\137\125}{chapter.2}% 11
\BOOKMARK [1][-]{section.2.3}{\376\377\133\127\117\123\214\003\202\202}{chapter.2}% 12
\BOOKMARK [1][-]{section.2.4}{\376\377\133\127\123\367\214\003\202\202}{chapter.2}% 13
\BOOKMARK [1][-]{section.2.5}{\376\377\135\362\122\240\121\145\166\204\136\070\165\050\133\217\123\005}{chapter.2}% 14
\BOOKMARK [1][-]{section.2.6}{\376\377\150\007\160\271\173\046\123\367\166\204\225\356\230\230}{chapter.2}% 15
\BOOKMARK [1][-]{section.2.7}{\376\377\137\025\165\050\166\204\225\356\230\230}{chapter.2}% 16
\BOOKMARK [1][-]{section.2.8}{\376\377\126\376\137\142\116\016\210\150\150\074}{chapter.2}% 17
\BOOKMARK [0][-]{chapter.3}{\376\377\121\166\116\326\116\213\230\171}{}% 18
\BOOKMARK [0][-]{section*.7}{\376\377\123\302\200\003\145\207\163\056}{}% 19
\BOOKMARK [0][-]{chapter*.9}{\376\377\201\364\214\042}{}% 20
\BOOKMARK [0][-]{appendix.A}{\376\377\155\113\213\325}{}% 21
\BOOKMARK [1][-]{section.A.1}{\376\377\173\054\116\000\116\052\155\113\213\325}{appendix.A}% 22
\BOOKMARK [0][-]{appendix.B}{\376\377\226\104\137\125\155\113\213\325}{}% 23
\BOOKMARK [0][-]{appendix.C}{\376\377\226\104\137\125\155\113\213\325}{}% 24
